Copyright 1986-2020 Xilinx, Inc. All Rights Reserved.
---------------------------------------------------------------------------------------------------------
| Tool Version : Vivado v.2020.2 (win64) Build 3064766 Wed Nov 18 09:12:45 MST 2020
| Date         : Thu Feb 22 23:00:42 2024
| Host         : IC-VivoBook running 64-bit major release  (build 9200)
| Command      : report_control_sets -verbose -file wolfenstein_platform_wrapper_control_sets_placed.rpt
| Design       : wolfenstein_platform_wrapper
| Device       : xc7z020
---------------------------------------------------------------------------------------------------------

Control Set Information

Table of Contents
-----------------
1. Summary
2. Histogram
3. Flip-Flop Distribution
4. Detailed Control Set Information

1. Summary
----------

+----------------------------------------------------------+-------+
|                          Status                          | Count |
+----------------------------------------------------------+-------+
| Total control sets                                       |    21 |
|    Minimum number of control sets                        |    21 |
|    Addition due to synthesis replication                 |     0 |
|    Addition due to physical synthesis replication        |     0 |
| Unused register locations in slices containing registers |    76 |
+----------------------------------------------------------+-------+
* Control sets can be merged at opt_design using control_set_merge or merge_equivalent_drivers
** Run report_qor_suggestions for automated merging and remapping suggestions


2. Histogram
------------

+--------------------+-------+
|       Fanout       | Count |
+--------------------+-------+
| Total control sets |    21 |
| >= 0 to < 4        |     4 |
| >= 4 to < 6        |     3 |
| >= 6 to < 8        |     3 |
| >= 8 to < 10       |     3 |
| >= 10 to < 12      |     2 |
| >= 12 to < 14      |     1 |
| >= 14 to < 16      |     0 |
| >= 16              |     5 |
+--------------------+-------+
* Control sets can be remapped at either synth_design or opt_design


3. Flip-Flop Distribution
-------------------------

+--------------+-----------------------+------------------------+-----------------+--------------+
| Clock Enable | Synchronous Set/Reset | Asynchronous Set/Reset | Total Registers | Total Slices |
+--------------+-----------------------+------------------------+-----------------+--------------+
| No           | No                    | No                     |             207 |           61 |
| No           | No                    | Yes                    |              40 |           12 |
| No           | Yes                   | No                     |               8 |            4 |
| Yes          | No                    | No                     |               0 |            0 |
| Yes          | No                    | Yes                    |              87 |           17 |
| Yes          | Yes                   | No                     |              78 |           22 |
+--------------+-----------------------+------------------------+-----------------+--------------+


4. Detailed Control Set Information
-----------------------------------

+-------------------------------------------------------------+-------------------------------------------------------------------------------------------------------------------------------------------+--------------------------------------------------------------------------------------------------------------------------------------------------------------------------+------------------+----------------+--------------+
|                         Clock Signal                        |                                                               Enable Signal                                                               |                                                                             Set/Reset Signal                                                                             | Slice Load Count | Bel Load Count | Bels / Slice |
+-------------------------------------------------------------+-------------------------------------------------------------------------------------------------------------------------------------------+--------------------------------------------------------------------------------------------------------------------------------------------------------------------------+------------------+----------------+--------------+
|  wolfenstein_platform_i/processing_system7_0/inst/FCLK_CLK0 |                                                                                                                                           | wolfenstein_platform_i/pixel_clk_rst/U0/peripheral_reset[0]                                                                                                              |                1 |              2 |         2.00 |
|  wolfenstein_platform_i/clk_wiz_0/inst/pixel_clk            |                                                                                                                                           | wolfenstein_platform_i/pixel_clk_rst/U0/peripheral_reset[0]                                                                                                              |                1 |              2 |         2.00 |
|  wolfenstein_platform_i/processing_system7_0/inst/FCLK_CLK0 |                                                                                                                                           | wolfenstein_platform_i/vga_controller_0/U0/fifo/U0/inst_fifo_gen/gconvfifo.rf/grf.rf/rstblk/rst_d2                                                                       |                1 |              3 |         3.00 |
|  wolfenstein_platform_i/clk_wiz_0/inst/pixel_clk            |                                                                                                                                           | wolfenstein_platform_i/vga_controller_0/U0/fifo/U0/inst_fifo_gen/gconvfifo.rf/grf.rf/rstblk/ngwrdrst.grst.g7serrst.gnsckt_wrst.gic_rst.rst_rd_reg2_inst/arststages_ff[1] |                1 |              3 |         3.00 |
|  wolfenstein_platform_i/processing_system7_0/inst/FCLK_CLK0 |                                                                                                                                           | wolfenstein_platform_i/FCLK_CLK0_rst/U0/EXT_LPF/lpf_int                                                                                                                  |                2 |              4 |         2.00 |
|  wolfenstein_platform_i/clk_wiz_0/inst/pixel_clk            |                                                                                                                                           | wolfenstein_platform_i/pixel_clk_rst/U0/EXT_LPF/lpf_int                                                                                                                  |                2 |              4 |         2.00 |
|  wolfenstein_platform_i/clk_wiz_0/inst/pixel_clk            | wolfenstein_platform_i/vga_controller_0/U0/v_count[8]_i_2_n_0                                                                             | wolfenstein_platform_i/vga_controller_0/U0/v_count[8]_i_1_n_0                                                                                                            |                1 |              4 |         4.00 |
|  wolfenstein_platform_i/processing_system7_0/inst/FCLK_CLK0 | wolfenstein_platform_i/FCLK_CLK0_rst/U0/SEQ/seq_cnt_en                                                                                    | wolfenstein_platform_i/FCLK_CLK0_rst/U0/SEQ/SEQ_COUNTER/clear                                                                                                            |                1 |              6 |         6.00 |
|  wolfenstein_platform_i/clk_wiz_0/inst/pixel_clk            | wolfenstein_platform_i/pixel_clk_rst/U0/SEQ/seq_cnt_en                                                                                    | wolfenstein_platform_i/pixel_clk_rst/U0/SEQ/SEQ_COUNTER/clear                                                                                                            |                1 |              6 |         6.00 |
|  wolfenstein_platform_i/clk_wiz_0/inst/pixel_clk            | wolfenstein_platform_i/vga_controller_0/U0/v_count_en                                                                                     | wolfenstein_platform_i/vga_controller_0/U0/v_count[9]_i_1_n_0                                                                                                            |                2 |              6 |         3.00 |
|  wolfenstein_platform_i/clk_wiz_0/inst/pixel_clk            | wolfenstein_platform_i/vga_controller_0/U0/rd_en2                                                                                         | wolfenstein_platform_i/vga_controller_0/U0/h_count[8]_i_1_n_0                                                                                                            |                3 |              8 |         2.67 |
|  wolfenstein_platform_i/processing_system7_0/inst/FCLK_CLK0 |                                                                                                                                           | wolfenstein_platform_i/vga_controller_0/U0/fifo/U0/inst_fifo_gen/gconvfifo.rf/grf.rf/rstblk/ngwrdrst.grst.g7serrst.gnsckt_wrst.rst_wr_reg2_inst/arststages_ff[1]         |                2 |              9 |         4.50 |
|  wolfenstein_platform_i/processing_system7_0/inst/FCLK_CLK0 | wolfenstein_platform_i/vga_controller_0/U0/current_base_addr[24]_i_1_n_0                                                                  | wolfenstein_platform_i/vga_controller_0/U0/rd_addr_reg[31]_i_1_n_0                                                                                                       |                3 |              9 |         3.00 |
|  wolfenstein_platform_i/clk_wiz_0/inst/pixel_clk            |                                                                                                                                           | wolfenstein_platform_i/vga_controller_0/U0/fifo/U0/inst_fifo_gen/gconvfifo.rf/grf.rf/rstblk/ngwrdrst.grst.g7serrst.gnsckt_wrst.gic_rst.sckt_rd_rst_ic_reg_0              |                3 |             10 |         3.33 |
|  wolfenstein_platform_i/processing_system7_0/inst/FCLK_CLK0 |                                                                                                                                           | wolfenstein_platform_i/vga_controller_0/U0/fifo/U0/inst_fifo_gen/gconvfifo.rf/grf.rf/rstblk/AR[0]                                                                        |                3 |             11 |         3.67 |
|  wolfenstein_platform_i/clk_wiz_0/inst/pixel_clk            | wolfenstein_platform_i/vga_controller_0/U0/fifo/U0/inst_fifo_gen/gconvfifo.rf/grf.rf/gntv_or_sync_fifo.gl0.rd/gr1.gr1_int.rfwft/E[0]      | wolfenstein_platform_i/vga_controller_0/U0/fifo/U0/inst_fifo_gen/gconvfifo.rf/grf.rf/rstblk/ngwrdrst.grst.g7serrst.gnsckt_wrst.gic_rst.sckt_rd_rst_ic_reg_0              |                3 |             12 |         4.00 |
|  wolfenstein_platform_i/processing_system7_0/inst/FCLK_CLK0 | wolfenstein_platform_i/processing_system7_0/inst/S_AXI_HP0_ARREADY                                                                        | wolfenstein_platform_i/vga_controller_0/U0/rd_addr_reg[31]_i_1_n_0                                                                                                       |                8 |             27 |         3.38 |
|  wolfenstein_platform_i/clk_wiz_0/inst/pixel_clk            | wolfenstein_platform_i/vga_controller_0/U0/fifo/U0/inst_fifo_gen/gconvfifo.rf/grf.rf/gntv_or_sync_fifo.gl0.rd/gr1.gr1_int.rfwft/ram_rd_en | wolfenstein_platform_i/vga_controller_0/U0/fifo/U0/inst_fifo_gen/gconvfifo.rf/grf.rf/rstblk/ngwrdrst.grst.g7serrst.gnsckt_wrst.gic_rst.sckt_rd_rst_ic_reg_0              |                7 |             39 |         5.57 |
|  wolfenstein_platform_i/processing_system7_0/inst/FCLK_CLK0 | wolfenstein_platform_i/vga_controller_0/U0/fifo/U0/inst_fifo_gen/gconvfifo.rf/grf.rf/gntv_or_sync_fifo.gl0.wr/gwas.wsts/E[0]              | wolfenstein_platform_i/vga_controller_0/U0/fifo/U0/inst_fifo_gen/gconvfifo.rf/grf.rf/rstblk/AR[0]                                                                        |               10 |             48 |         4.80 |
|  wolfenstein_platform_i/clk_wiz_0/inst/pixel_clk            |                                                                                                                                           |                                                                                                                                                                          |               24 |             80 |         3.33 |
|  wolfenstein_platform_i/processing_system7_0/inst/FCLK_CLK0 |                                                                                                                                           |                                                                                                                                                                          |               39 |            129 |         3.31 |
+-------------------------------------------------------------+-------------------------------------------------------------------------------------------------------------------------------------------+--------------------------------------------------------------------------------------------------------------------------------------------------------------------------+------------------+----------------+--------------+


